[2019-01-30 17:30:25] local.ERROR: exception 'InvalidArgumentException' with message 'Please provide a valid cache path.' in /home/huanggang/WWW/program/laravel2/info_bak/vendor/laravel/framework/src/Illuminate/View/Compilers/Compiler.php:36
Stack trace:
#0 /home/huanggang/WWW/program/laravel2/info_bak/vendor/laravel/framework/src/Illuminate/View/ViewServiceProvider.php(77): Illuminate\View\Compilers\Compiler->__construct(Object(Illuminate\Filesystem\Filesystem), false)
#1 /home/huanggang/WWW/program/laravel2/info_bak/vendor/laravel/framework/src/Illuminate/Container/Container.php(731): Illuminate\View\ViewServiceProvider->Illuminate\View\{closure}(Object(Illuminate\Foundation\Application), Array)
#2 /home/huanggang/WWW/program/laravel2/info_bak/vendor/laravel/framework/src/Illuminate/Container/Container.php(629): Illuminate\Container\Container->build(Object(Closure), Array)
#3 /home/huanggang/WWW/program/laravel2/info_bak/vendor/laravel/framework/src/Illuminate/Foundation/Application.php(697): Illuminate\Container\Container->make('blade.compiler', Array)
#4 /home/huanggang/WWW/program/laravel2/info_bak/vendor/laravel/framework/src/Illuminate/Container/Container.php(1178): Illuminate\Foundation\Application->make('blade.compiler')
#5 /home/huanggang/WWW/program/laravel2/info_bak/vendor/laravel/framework/src/Illuminate/View/ViewServiceProvider.php(81): Illuminate\Container\Container->offsetGet('blade.compiler')
#6 [internal function]: Illuminate\View\ViewServiceProvider->Illuminate\View\{closure}()
#7 /home/huanggang/WWW/program/laravel2/info_bak/vendor/laravel/framework/src/Illuminate/View/Engines/EngineResolver.php(54): call_user_func(Object(Closure))
#8 /home/huanggang/WWW/program/laravel2/info_bak/vendor/laravel/framework/src/Illuminate/Support/Facades/Blade.php(17): Illuminate\View\Engines\EngineResolver->resolve('blade')
#9 /home/huanggang/WWW/program/laravel2/info_bak/vendor/laravel/framework/src/Illuminate/Support/Facades/Facade.php(120): Illuminate\Support\Facades\Blade::getFacadeAccessor()
#10 /home/huanggang/WWW/program/laravel2/info_bak/vendor/laravel/framework/src/Illuminate/Support/Facades/Facade.php(207): Illuminate\Support\Facades\Facade::getFacadeRoot()
#11 /home/huanggang/WWW/program/laravel2/info_bak/vendor/zizaco/entrust/src/Entrust/EntrustServiceProvider.php(65): Illuminate\Support\Facades\Facade::__callStatic('directive', Array)
#12 /home/huanggang/WWW/program/laravel2/info_bak/vendor/zizaco/entrust/src/Entrust/EntrustServiceProvider.php(65): Illuminate\Support\Facades\Blade::directive('role', Object(Closure))
#13 /home/huanggang/WWW/program/laravel2/info_bak/vendor/zizaco/entrust/src/Entrust/EntrustServiceProvider.php(38): Zizaco\Entrust\EntrustServiceProvider->bladeDirectives()
#14 [internal function]: Zizaco\Entrust\EntrustServiceProvider->boot()
#15 /home/huanggang/WWW/program/laravel2/info_bak/vendor/laravel/framework/src/Illuminate/Container/Container.php(507): call_user_func_array(Array, Array)
#16 /home/huanggang/WWW/program/laravel2/info_bak/vendor/laravel/framework/src/Illuminate/Foundation/Application.php(757): Illuminate\Container\Container->call(Array)
#17 /home/huanggang/WWW/program/laravel2/info_bak/vendor/laravel/framework/src/Illuminate/Foundation/Application.php(740): Illuminate\Foundation\Application->bootProvider(Object(Zizaco\Entrust\EntrustServiceProvider))
#18 [internal function]: Illuminate\Foundation\Application->Illuminate\Foundation\{closure}(Object(Zizaco\Entrust\EntrustServiceProvider), 15)
#19 /home/huanggang/WWW/program/laravel2/info_bak/vendor/laravel/framework/src/Illuminate/Foundation/Application.php(741): array_walk(Array, Object(Closure))
#20 /home/huanggang/WWW/program/laravel2/info_bak/vendor/laravel/framework/src/Illuminate/Foundation/Bootstrap/BootProviders.php(17): Illuminate\Foundation\Application->boot()
#21 /home/huanggang/WWW/program/laravel2/info_bak/vendor/laravel/framework/src/Illuminate/Foundation/Application.php(203): Illuminate\Foundation\Bootstrap\BootProviders->bootstrap(Object(Illuminate\Foundation\Application))
#22 /home/huanggang/WWW/program/laravel2/info_bak/vendor/laravel/framework/src/Illuminate/Foundation/Http/Kernel.php(232): Illuminate\Foundation\Application->bootstrapWith(Array)
#23 /home/huanggang/WWW/program/laravel2/info_bak/vendor/laravel/framework/src/Illuminate/Foundation/Http/Kernel.php(127): Illuminate\Foundation\Http\Kernel->bootstrap()
#24 /home/huanggang/WWW/program/laravel2/info_bak/vendor/laravel/framework/src/Illuminate/Foundation/Http/Kernel.php(99): Illuminate\Foundation\Http\Kernel->sendRequestThroughRouter(Object(Illuminate\Http\Request))
#25 /home/huanggang/WWW/program/laravel2/info_bak/public/index.php(54): Illuminate\Foundation\Http\Kernel->handle(Object(Illuminate\Http\Request))
#26 {main}  
[2019-01-30 17:33:13] local.ERROR: exception 'ErrorException' with message 'file_put_contents(/home/huanggang/WWW/program/laravel2/info_bak/storage/framework/cache/4e/07/4e0768037314c589956d417923d4873e9deb2926): failed to open stream: No such file or directory' in /home/huanggang/WWW/program/laravel2/info_bak/vendor/laravel/framework/src/Illuminate/Filesystem/Filesystem.php:111
Stack trace:
#0 [internal function]: Illuminate\Foundation\Bootstrap\HandleExceptions->handleError(2, 'file_put_conten...', '/home/huanggang...', 111, Array)
#1 /home/huanggang/WWW/program/laravel2/info_bak/vendor/laravel/framework/src/Illuminate/Filesystem/Filesystem.php(111): file_put_contents('/home/huanggang...', '9999999999O:39:...', 2)
#2 /home/huanggang/WWW/program/laravel2/info_bak/vendor/laravel/framework/src/Illuminate/Cache/FileStore.php(106): Illuminate\Filesystem\Filesystem->put('/home/huanggang...', '9999999999O:39:...', true)
#3 /home/huanggang/WWW/program/laravel2/info_bak/vendor/laravel/framework/src/Illuminate/Cache/FileStore.php(161): Illuminate\Cache\FileStore->put('perms', Object(Illuminate\Database\Eloquent\Collection), 0)
#4 /home/huanggang/WWW/program/laravel2/info_bak/vendor/laravel/framework/src/Illuminate/Cache/Repository.php(270): Illuminate\Cache\FileStore->forever('perms', Object(Illuminate\Database\Eloquent\Collection))
#5 /home/huanggang/WWW/program/laravel2/info_bak/vendor/laravel/framework/src/Illuminate/Cache/Repository.php(325): Illuminate\Cache\Repository->forever('perms', Object(Illuminate\Database\Eloquent\Collection))
#6 /home/huanggang/WWW/program/laravel2/info_bak/app/Listeners/permChangeListener.php(48): Illuminate\Cache\Repository->rememberForever('perms', Object(Closure))
#7 /home/huanggang/WWW/program/laravel2/info_bak/app/Listeners/permChangeListener.php(34): App\Listeners\permChangeListener->breadcrumbs('/home/huanggang...')
#8 [internal function]: App\Listeners\permChangeListener->handle(Object(App\Events\permChangeEvent))
#9 /home/huanggang/WWW/program/laravel2/info_bak/vendor/laravel/framework/src/Illuminate/Events/Dispatcher.php(348): call_user_func_array(Array, Array)
#10 [internal function]: Illuminate\Events\Dispatcher->Illuminate\Events\{closure}(Object(App\Events\permChangeEvent))
#11 /home/huanggang/WWW/program/laravel2/info_bak/vendor/laravel/framework/src/Illuminate/Events/Dispatcher.php(221): call_user_func_array(Object(Closure), Array)
#12 /home/huanggang/WWW/program/laravel2/info_bak/vendor/laravel/framework/src/Illuminate/Support/Facades/Facade.php(217): Illuminate\Events\Dispatcher->fire(Object(App\Events\permChangeEvent))
#13 /home/huanggang/WWW/program/laravel2/info_bak/app/Http/breadcrumbs.php(6): Illuminate\Support\Facades\Facade::__callStatic('fire', Array)
#14 /home/huanggang/WWW/program/laravel2/info_bak/app/Http/breadcrumbs.php(6): Illuminate\Support\Facades\Event::fire(Object(App\Events\permChangeEvent))
#15 /home/huanggang/WWW/program/laravel2/info_bak/vendor/davejamesmiller/laravel-breadcrumbs/src/ServiceProvider.php(79): require('/home/huanggang...')
#16 /home/huanggang/WWW/program/laravel2/info_bak/vendor/davejamesmiller/laravel-breadcrumbs/src/ServiceProvider.php(64): DaveJamesMiller\Breadcrumbs\ServiceProvider->registerBreadcrumbs()
#17 [internal function]: DaveJamesMiller\Breadcrumbs\ServiceProvider->boot()
#18 /home/huanggang/WWW/program/laravel2/info_bak/vendor/laravel/framework/src/Illuminate/Container/Container.php(507): call_user_func_array(Array, Array)
#19 /home/huanggang/WWW/program/laravel2/info_bak/vendor/laravel/framework/src/Illuminate/Foundation/Application.php(757): Illuminate\Container\Container->call(Array)
#20 /home/huanggang/WWW/program/laravel2/info_bak/vendor/laravel/framework/src/Illuminate/Foundation/Application.php(740): Illuminate\Foundation\Application->bootProvider(Object(DaveJamesMiller\Breadcrumbs\ServiceProvider))
#21 [internal function]: Illuminate\Foundation\Application->Illuminate\Foundation\{closure}(Object(DaveJamesMiller\Breadcrumbs\ServiceProvider), 17)
#22 /home/huanggang/WWW/program/laravel2/info_bak/vendor/laravel/framework/src/Illuminate/Foundation/Application.php(741): array_walk(Array, Object(Closure))
#23 /home/huanggang/WWW/program/laravel2/info_bak/vendor/laravel/framework/src/Illuminate/Foundation/Bootstrap/BootProviders.php(17): Illuminate\Foundation\Application->boot()
#24 /home/huanggang/WWW/program/laravel2/info_bak/vendor/laravel/framework/src/Illuminate/Foundation/Application.php(203): Illuminate\Foundation\Bootstrap\BootProviders->bootstrap(Object(Illuminate\Foundation\Application))
#25 /home/huanggang/WWW/program/laravel2/info_bak/vendor/laravel/framework/src/Illuminate/Foundation/Http/Kernel.php(232): Illuminate\Foundation\Application->bootstrapWith(Array)
#26 /home/huanggang/WWW/program/laravel2/info_bak/vendor/laravel/framework/src/Illuminate/Foundation/Http/Kernel.php(127): Illuminate\Foundation\Http\Kernel->bootstrap()
#27 /home/huanggang/WWW/program/laravel2/info_bak/vendor/laravel/framework/src/Illuminate/Foundation/Http/Kernel.php(99): Illuminate\Foundation\Http\Kernel->sendRequestThroughRouter(Object(Illuminate\Http\Request))
#28 /home/huanggang/WWW/program/laravel2/info_bak/public/index.php(54): Illuminate\Foundation\Http\Kernel->handle(Object(Illuminate\Http\Request))
#29 {main}  
[2019-01-30 17:34:19] local.WARNING: warning  
